<?xml version="1.0" encoding="UTF-8"?>
<!-- Generated by org.testng.reporters.JUnitReportReporter -->
<testsuite skipped="0" hostname="IBM127-PC06XP2F" name="com.k2js.samplemavenproject.testscripts.Yahoo" tests="1" failures="0" timestamp="15 Aug 2017 05:04:02 GMT" time="17.139" errors="0">
  <testcase name="search" time="17.139" classname="com.k2js.samplemavenproject.testscripts.Yahoo"/>
</testsuite> <!-- com.k2js.samplemavenproject.testscripts.Yahoo -->
