<?xml version="1.0" encoding="UTF-8"?>
<!-- Generated by org.testng.reporters.JUnitReportReporter -->
<testsuite skipped="0" hostname="IBM127-PC06XP2F" name="com.k2js.flipcart.testrunner.TestRunner" tests="1" failures="0" timestamp="05 Nov 2017 14:01:09 GMT" time="12.680" errors="0">
  <testcase name="verifyHomePage" time="12.680" classname="com.k2js.flipcart.testrunner.TestRunner"/>
</testsuite> <!-- com.k2js.flipcart.testrunner.TestRunner -->
