<?xml version="1.0" encoding="UTF-8"?>
<!-- Generated by org.testng.reporters.JUnitReportReporter -->
<testsuite skipped="0" hostname="IBM127-PC06XP2F" name="com.k2js.shopping.pageObject.Main1" tests="2" failures="0" timestamp="30 Jan 2018 15:47:53 GMT" time="52.705" errors="0">
  <testcase name="popupEmailError" time="37.898" classname="com.k2js.shopping.pageObject.Main1"/>
  <testcase name="popupPasswordError" time="14.807" classname="com.k2js.shopping.pageObject.Main1"/>
</testsuite> <!-- com.k2js.shopping.pageObject.Main1 -->
