<?xml version="1.0" encoding="UTF-8"?>
<!-- Generated by org.testng.reporters.JUnitReportReporter -->
<testsuite skipped="0" hostname="IBM127-PC06XP2F" name="com.k2js.w3School.pagescripts.TestRunner" tests="1" failures="0" timestamp="13 Nov 2017 11:20:02 GMT" time="18.525" errors="0">
  <testcase name="verifyHomePage" time="18.525" classname="com.k2js.w3School.pagescripts.TestRunner"/>
</testsuite> <!-- com.k2js.w3School.pagescripts.TestRunner -->
