<?xml version="1.0" encoding="UTF-8"?>
<!-- Generated by org.testng.reporters.JUnitReportReporter -->
<testsuite skipped="0" hostname="DESKTOP-1RHTLLE" name="com.k2js.ExcelLearning.ExcelPractice.ExcelReads" tests="2" failures="0" timestamp="16 Dec 2018 13:06:40 GMT" time="0.017" errors="0">
  <testcase name="verifyRegisterPage" time="0.000" classname="com.k2js.ExcelLearning.ExcelPractice.ExcelReads"/>
  <testcase name="verifyRegisterPage" time="0.017" classname="com.k2js.ExcelLearning.ExcelPractice.ExcelReads"/>
</testsuite> <!-- com.k2js.ExcelLearning.ExcelPractice.ExcelReads -->
