<?xml version="1.0" encoding="UTF-8"?>
<!-- Generated by org.testng.reporters.JUnitReportReporter -->
<testsuite skipped="0" hostname="IBM127-PC06XP2F" name="com.k2js.TestNGsample.module1.NewTestRunner" tests="4" failures="0" timestamp="19 Aug 2017 05:25:57 GMT" time="0.015" errors="0">
  <testcase name="verifyRegpage" time="0.015" classname="com.k2js.TestNGsample.module1.NewTestRunner"/>
  <testcase name="verifyRegpage" time="0.000" classname="com.k2js.TestNGsample.module1.NewTestRunner"/>
  <testcase name="verifyHomePage" time="0.000" classname="com.k2js.TestNGsample.module1.NewTestRunner"/>
  <testcase name="verifyHomePage" time="0.000" classname="com.k2js.TestNGsample.module1.NewTestRunner"/>
</testsuite> <!-- com.k2js.TestNGsample.module1.NewTestRunner -->
