<?xml version="1.0" encoding="UTF-8"?>
<!-- Generated by org.testng.reporters.JUnitReportReporter -->
<testsuite skipped="0" hostname="IBM127-PC06XP2F" name="com.k2js.frameworkLater.testruner.TestRunner" tests="1" failures="0" timestamp="06 Feb 2018 09:44:33 GMT" time="6.472" errors="0">
  <testcase name="verifyHomePage" time="6.472" classname="com.k2js.frameworkLater.testruner.TestRunner"/>
</testsuite> <!-- com.k2js.frameworkLater.testruner.TestRunner -->
