<?xml version="1.0" encoding="UTF-8"?>
<!-- Generated by org.testng.reporters.JUnitReportReporter -->
<testsuite skipped="0" hostname="IBM127-PC06XP2F" name="com.k2js.TestNGsample.module1.HW" tests="1" failures="0" timestamp="19 Aug 2017 03:22:29 GMT" time="0.022" errors="0">
  <testcase name="printHelloWorld" time="0.022" classname="com.k2js.TestNGsample.module1.HW"/>
</testsuite> <!-- com.k2js.TestNGsample.module1.HW -->
