<?xml version="1.0" encoding="UTF-8"?>
<!-- Generated by org.testng.reporters.JUnitReportReporter -->
<testsuite skipped="0" hostname="IBM127-PC06XP2F" name="com.k2js.TestNGsample.module1.NewTestRunner" tests="2" failures="0" timestamp="30 Jan 2018 15:10:46 GMT" time="0.019" errors="0">
  <testcase name="verifyRegpage" time="0.014" classname="com.k2js.TestNGsample.module1.NewTestRunner"/>
  <testcase name="verifyHomePage" time="0.005" classname="com.k2js.TestNGsample.module1.NewTestRunner"/>
</testsuite> <!-- com.k2js.TestNGsample.module1.NewTestRunner -->
