<?xml version="1.0" encoding="UTF-8"?>
<!-- Generated by org.testng.reporters.JUnitReportReporter -->
<testsuite skipped="0" hostname="IBM127-PC06XP2F" name="com.k2js.Snapdeal.HomePage.a" tests="1" failures="0" timestamp="19 Aug 2017 13:23:27 GMT" time="13.793" errors="0">
  <testcase name="m" time="13.793" classname="com.k2js.Snapdeal.HomePage.a"/>
</testsuite> <!-- com.k2js.Snapdeal.HomePage.a -->
